<?xml version="1.0" encoding="UTF-8"?>
<testsuite name="com.example.studentrating.StudentRatingApplicationTests" tests="1" skipped="0" failures="0" errors="0" timestamp="2022-12-13T18:40:11" hostname="MacBook-Air-user.local" time="0.063">
  <properties/>
  <testcase name="contextLoads()" classname="com.example.studentrating.StudentRatingApplicationTests" time="0.063"/>
  <system-out><![CDATA[21:40:09.265 [Test worker] DEBUG org.springframework.test.context.BootstrapUtils - Instantiating CacheAwareContextLoaderDelegate from class [org.springframework.test.context.cache.DefaultCacheAwareContextLoaderDelegate]
21:40:09.269 [Test worker] DEBUG org.springframework.test.context.BootstrapUtils - Instantiating BootstrapContext using constructor [public org.springframework.test.context.support.DefaultBootstrapContext(java.lang.Class,org.springframework.test.context.CacheAwareContextLoaderDelegate)]
21:40:09.283 [Test worker] DEBUG org.springframework.test.context.BootstrapUtils - Instantiating TestContextBootstrapper for test class [com.example.studentrating.StudentRatingApplicationTests] from class [org.springframework.boot.test.context.SpringBootTestContextBootstrapper]
21:40:09.287 [Test worker] INFO org.springframework.boot.test.context.SpringBootTestContextBootstrapper - Neither @ContextConfiguration nor @ContextHierarchy found for test class [com.example.studentrating.StudentRatingApplicationTests], using SpringBootContextLoader
21:40:09.289 [Test worker] DEBUG org.springframework.test.context.support.AbstractContextLoader - Did not detect default resource location for test class [com.example.studentrating.StudentRatingApplicationTests]: class path resource [com/example/studentrating/StudentRatingApplicationTests-context.xml] does not exist
21:40:09.289 [Test worker] DEBUG org.springframework.test.context.support.AbstractContextLoader - Did not detect default resource location for test class [com.example.studentrating.StudentRatingApplicationTests]: class path resource [com/example/studentrating/StudentRatingApplicationTestsContext.groovy] does not exist
21:40:09.289 [Test worker] INFO org.springframework.test.context.support.AbstractContextLoader - Could not detect default resource locations for test class [com.example.studentrating.StudentRatingApplicationTests]: no resource found for suffixes {-context.xml, Context.groovy}.
21:40:09.289 [Test worker] INFO org.springframework.test.context.support.AnnotationConfigContextLoaderUtils - Could not detect default configuration classes for test class [com.example.studentrating.StudentRatingApplicationTests]: StudentRatingApplicationTests does not declare any static, non-private, non-final, nested classes annotated with @Configuration.
21:40:09.304 [Test worker] DEBUG org.springframework.test.context.support.ActiveProfilesUtils - Could not find an 'annotation declaring class' for annotation type [org.springframework.test.context.ActiveProfiles] and class [com.example.studentrating.StudentRatingApplicationTests]
21:40:09.326 [Test worker] DEBUG org.springframework.context.annotation.ClassPathScanningCandidateComponentProvider - Identified candidate component class: file [/Users/user/Desktop/StudentRating/StudentRating/build/classes/java/main/com/example/studentrating/StudentRatingApplication.class]
21:40:09.327 [Test worker] INFO org.springframework.boot.test.context.SpringBootTestContextBootstrapper - Found @SpringBootConfiguration com.example.studentrating.StudentRatingApplication for test class com.example.studentrating.StudentRatingApplicationTests
21:40:09.361 [Test worker] DEBUG org.springframework.boot.test.context.SpringBootTestContextBootstrapper - @TestExecutionListeners is not present for class [com.example.studentrating.StudentRatingApplicationTests]: using defaults.
21:40:09.362 [Test worker] INFO org.springframework.boot.test.context.SpringBootTestContextBootstrapper - Loaded default TestExecutionListener class names from location [META-INF/spring.factories]: [org.springframework.boot.test.autoconfigure.restdocs.RestDocsTestExecutionListener, org.springframework.boot.test.autoconfigure.web.client.MockRestServiceServerResetTestExecutionListener, org.springframework.boot.test.autoconfigure.web.servlet.MockMvcPrintOnlyOnFailureTestExecutionListener, org.springframework.boot.test.autoconfigure.web.servlet.WebDriverTestExecutionListener, org.springframework.boot.test.autoconfigure.webservices.client.MockWebServiceServerTestExecutionListener, org.springframework.boot.test.mock.mockito.MockitoTestExecutionListener, org.springframework.boot.test.mock.mockito.ResetMocksTestExecutionListener, org.springframework.test.context.web.ServletTestExecutionListener, org.springframework.test.context.support.DirtiesContextBeforeModesTestExecutionListener, org.springframework.test.context.event.ApplicationEventsTestExecutionListener, org.springframework.test.context.support.DependencyInjectionTestExecutionListener, org.springframework.test.context.support.DirtiesContextTestExecutionListener, org.springframework.test.context.transaction.TransactionalTestExecutionListener, org.springframework.test.context.jdbc.SqlScriptsTestExecutionListener, org.springframework.test.context.event.EventPublishingTestExecutionListener]
21:40:09.367 [Test worker] INFO org.springframework.boot.test.context.SpringBootTestContextBootstrapper - Using TestExecutionListeners: [org.springframework.test.context.web.ServletTestExecutionListener@6b9ce1bf, org.springframework.test.context.support.DirtiesContextBeforeModesTestExecutionListener@61884cb1, org.springframework.test.context.event.ApplicationEventsTestExecutionListener@75ed9710, org.springframework.boot.test.mock.mockito.MockitoTestExecutionListener@4fc5e095, org.springframework.boot.test.autoconfigure.SpringBootDependencyInjectionTestExecutionListener@435871cb, org.springframework.test.context.support.DirtiesContextTestExecutionListener@609640d5, org.springframework.test.context.transaction.TransactionalTestExecutionListener@79da1ec0, org.springframework.test.context.jdbc.SqlScriptsTestExecutionListener@19fb8826, org.springframework.test.context.event.EventPublishingTestExecutionListener@192d74fb, org.springframework.boot.test.autoconfigure.restdocs.RestDocsTestExecutionListener@4bef0fe3, org.springframework.boot.test.autoconfigure.web.client.MockRestServiceServerResetTestExecutionListener@62ea3440, org.springframework.boot.test.autoconfigure.web.servlet.MockMvcPrintOnlyOnFailureTestExecutionListener@27953a83, org.springframework.boot.test.autoconfigure.web.servlet.WebDriverTestExecutionListener@556d0826, org.springframework.boot.test.autoconfigure.webservices.client.MockWebServiceServerTestExecutionListener@66ce957f, org.springframework.boot.test.mock.mockito.ResetMocksTestExecutionListener@55b5f5d2]
21:40:09.368 [Test worker] DEBUG org.springframework.test.context.support.AbstractDirtiesContextTestExecutionListener - Before test class: context [DefaultTestContext@3918c187 testClass = StudentRatingApplicationTests, testInstance = [null], testMethod = [null], testException = [null], mergedContextConfiguration = [WebMergedContextConfiguration@2c88b9fc testClass = StudentRatingApplicationTests, locations = '{}', classes = '{class com.example.studentrating.StudentRatingApplication}', contextInitializerClasses = '[]', activeProfiles = '{}', propertySourceLocations = '{}', propertySourceProperties = '{org.springframework.boot.test.context.SpringBootTestContextBootstrapper=true}', contextCustomizers = set[org.springframework.boot.test.autoconfigure.actuate.metrics.MetricsExportContextCustomizerFactory$DisableMetricExportContextCustomizer@345f69f3, org.springframework.boot.test.autoconfigure.properties.PropertyMappingContextCustomizer@0, org.springframework.boot.test.autoconfigure.web.servlet.WebDriverContextCustomizerFactory$Customizer@413f69cc, org.springframework.boot.test.context.filter.ExcludeFilterContextCustomizer@39ac0c0a, org.springframework.boot.test.json.DuplicateJsonObjectContextCustomizerFactory$DuplicateJsonObjectContextCustomizer@65b104b9, org.springframework.boot.test.mock.mockito.MockitoContextCustomizer@0, org.springframework.boot.test.web.client.TestRestTemplateContextCustomizer@2796aeae, org.springframework.boot.test.context.SpringBootTestArgs@1, org.springframework.boot.test.context.SpringBootTestWebEnvironment@1757cd72], resourceBasePath = 'src/main/webapp', contextLoader = 'org.springframework.boot.test.context.SpringBootContextLoader', parent = [null]], attributes = map['org.springframework.test.context.web.ServletTestExecutionListener.activateListener' -> true]], class annotated with @DirtiesContext [false] with mode [null].

  .   ____          _            __ _ _
 /\\ / ___'_ __ _ _(_)_ __  __ _ \ \ \ \
( ( )\___ | '_ | '_| | '_ \/ _` | \ \ \ \
 \\/  ___)| |_)| | | | | || (_| |  ) ) ) )
  '  |____| .__|_| |_|_| |_\__, | / / / /
 =========|_|==============|___/=/_/_/_/
 :: Spring Boot ::                (v2.7.5)

2022-12-13 21:40:09.484  INFO 15623 --- [    Test worker] c.e.s.StudentRatingApplicationTests      : Starting StudentRatingApplicationTests using Java 17.0.5 on MacBook-Air-user.local with PID 15623 (started by user in /Users/user/Desktop/StudentRating/StudentRating)
2022-12-13 21:40:09.485  INFO 15623 --- [    Test worker] c.e.s.StudentRatingApplicationTests      : No active profile set, falling back to 1 default profile: "default"
2022-12-13 21:40:09.731  INFO 15623 --- [    Test worker] .s.d.r.c.RepositoryConfigurationDelegate : Bootstrapping Spring Data JPA repositories in DEFAULT mode.
2022-12-13 21:40:09.757  INFO 15623 --- [    Test worker] .s.d.r.c.RepositoryConfigurationDelegate : Finished Spring Data repository scanning in 22 ms. Found 8 JPA repository interfaces.
2022-12-13 21:40:09.983  INFO 15623 --- [    Test worker] o.hibernate.jpa.internal.util.LogHelper  : HHH000204: Processing PersistenceUnitInfo [name: default]
2022-12-13 21:40:10.003  INFO 15623 --- [    Test worker] org.hibernate.Version                    : HHH000412: Hibernate ORM core version 5.6.12.Final
2022-12-13 21:40:10.064  INFO 15623 --- [    Test worker] o.hibernate.annotations.common.Version   : HCANN000001: Hibernate Commons Annotations {5.1.2.Final}
2022-12-13 21:40:10.104  INFO 15623 --- [    Test worker] com.zaxxer.hikari.HikariDataSource       : HikariPool-1 - Starting...
2022-12-13 21:40:10.279  INFO 15623 --- [    Test worker] com.zaxxer.hikari.HikariDataSource       : HikariPool-1 - Start completed.
2022-12-13 21:40:10.294  INFO 15623 --- [    Test worker] org.hibernate.dialect.Dialect            : HHH000400: Using dialect: org.hibernate.dialect.PostgreSQL10Dialect
2022-12-13 21:40:10.678  INFO 15623 --- [    Test worker] o.h.e.t.j.p.i.JtaPlatformInitiator       : HHH000490: Using JtaPlatform implementation: [org.hibernate.engine.transaction.jta.platform.internal.NoJtaPlatform]
2022-12-13 21:40:10.681  INFO 15623 --- [    Test worker] j.LocalContainerEntityManagerFactoryBean : Initialized JPA EntityManagerFactory for persistence unit 'default'
2022-12-13 21:40:10.976  WARN 15623 --- [    Test worker] JpaBaseConfiguration$JpaWebConfiguration : spring.jpa.open-in-view is enabled by default. Therefore, database queries may be performed during view rendering. Explicitly configure spring.jpa.open-in-view to disable this warning
2022-12-13 21:40:11.216  INFO 15623 --- [    Test worker] c.e.s.StudentRatingApplicationTests      : Started StudentRatingApplicationTests in 1.833 seconds (JVM running for 2.318)
]]></system-out>
  <system-err><![CDATA[]]></system-err>
</testsuite>
